<?xml version="1.0" encoding="UTF-8"?>
<testsuite name="Test Class Additions" tests="4" skipped="0" failures="0" errors="0" timestamp="2023-02-28T16:24:04" hostname="Hasancan-MacBook-Pro.local" time="0.027">
  <properties/>
  <testcase name="[1] 33, 11, 44" classname="functions.AdditionsTest" time="0.019"/>
  <testcase name="[2] 100, 5, 105" classname="functions.AdditionsTest" time="0.0"/>
  <testcase name="[3] 44, 80, 124" classname="functions.AdditionsTest" time="0.0"/>
  <testcase name="Addition Double -&gt; 3.14 + 2.89 = 6.03" classname="functions.AdditionsTest" time="0.003"/>
  <system-out><![CDATA[]]></system-out>
  <system-err><![CDATA[]]></system-err>
</testsuite>
