<?xml version="1.0" encoding="UTF-8"?>
<testsuite name="functions.additionsTest" tests="2" skipped="0" failures="0" errors="0" timestamp="2023-02-25T14:25:22" hostname="Hasancan-MacBook-Pro.local" time="0.016">
  <properties/>
  <testcase name="testDoubleAdditionsWhenValidValuesProvidedShouldReturnExpectedResult()" classname="functions.additionsTest" time="0.016"/>
  <testcase name="testIntegerAdditionsWhenValidValuesProvidedShouldReturnExpectedResult()" classname="functions.additionsTest" time="0.0"/>
  <system-out><![CDATA[]]></system-out>
  <system-err><![CDATA[]]></system-err>
</testsuite>
